<?xml version="1.0" encoding="UTF-8"?>
<!-- Generated by org.testng.reporters.JUnitXMLReporter -->
<testsuite ignored="0" hostname="DESKTOP-T8HBMKH" failures="0" tests="4" name="Default test" time="15.576" errors="0" timestamp="2022-12-12T11:43:21 MST">
  <testcase classname="com.code.Pagination" name="paramsDef" time="0.012"/>
  <testcase classname="com.code.Pagination" name="test" time="0.01"/>
  <testcase classname="com.code.Pagination" name="readItemCount" time="2.739"/>
  <testcase classname="com.code.Pagination" name="readIndex" time="6.349"/>
</testsuite> <!-- Default test -->
