<?xml version="1.0" encoding="UTF-8"?>
<!-- Generated by org.testng.reporters.JUnitXMLReporter -->
<testsuite ignored="0" hostname="DESKTOP-T8HBMKH" failures="0" tests="4" name="Test1" time="83.264" errors="0" timestamp="2022-12-12T11:39:48 MST">
  <testcase classname="com.code.Pagination" name="paramsDef" time="0.005"/>
  <testcase classname="com.code.Pagination" name="test" time="0.002"/>
  <testcase classname="com.code.Pagination" name="readItemCount" time="5.245"/>
  <testcase classname="com.code.Pagination" name="readIndex" time="10.867"/>
</testsuite> <!-- Test1 -->
