<?xml version="1.0" encoding="UTF-8"?>
<!-- Generated by org.testng.reporters.JUnitXMLReporter -->
<testsuite ignored="0" hostname="DESKTOP-T8HBMKH" failures="0" tests="5" name="Test" time="10.943" errors="0" timestamp="2022-12-12T11:38:25 MST">
  <testcase classname="com.code.RestDemo" name="createUser" time="5.683"/>
  <testcase classname="com.code.RestDemo" name="updateUser" time="0.986"/>
  <testcase classname="com.code.RestDemo" name="createPost" time="1.049"/>
  <testcase classname="com.code.RestDemo" name="createComments" time="1.058"/>
  <testcase classname="com.code.RestDemo" name="deleteUser" time="2.043"/>
</testsuite> <!-- Test -->
