<?xml version="1.0" encoding="UTF-8"?>
<testng-results ignored="0" total="4" passed="4" failed="0" skipped="0">
  <reporter-output>
  </reporter-output>
  <suite started-at="2022-12-12T11:43:05 MST" name="Default suite" finished-at="2022-12-12T11:43:21 MST" duration-ms="15576">
    <groups>
    </groups>
    <test started-at="2022-12-12T11:43:05 MST" name="Default test" finished-at="2022-12-12T11:43:21 MST" duration-ms="15576">
      <class name="com.code.Pagination">
        <test-method is-config="true" signature="readInput()[pri:0, instance:com.code.Pagination@3d1cfad4]" started-at="2022-12-12T11:43:05 MST" name="readInput" finished-at="2022-12-12T11:43:12 MST" duration-ms="6382" status="PASS">
          <reporter-output>
          </reporter-output>
        </test-method> <!-- readInput -->
        <test-method signature="paramsDef()[pri:0, instance:com.code.Pagination@3d1cfad4]" started-at="2022-12-12T11:43:12 MST" name="paramsDef" finished-at="2022-12-12T11:43:12 MST" duration-ms="12" status="PASS">
          <reporter-output>
          </reporter-output>
        </test-method> <!-- paramsDef -->
        <test-method signature="test()[pri:1, instance:com.code.Pagination@3d1cfad4]" started-at="2022-12-12T11:43:12 MST" name="test" finished-at="2022-12-12T11:43:12 MST" duration-ms="10" status="PASS">
          <reporter-output>
          </reporter-output>
        </test-method> <!-- test -->
        <test-method signature="readItemCount()[pri:2, instance:com.code.Pagination@3d1cfad4]" started-at="2022-12-12T11:43:12 MST" name="readItemCount" finished-at="2022-12-12T11:43:14 MST" duration-ms="2739" status="PASS">
          <reporter-output>
          </reporter-output>
        </test-method> <!-- readItemCount -->
        <test-method signature="readIndex()[pri:3, instance:com.code.Pagination@3d1cfad4]" started-at="2022-12-12T11:43:14 MST" name="readIndex" finished-at="2022-12-12T11:43:21 MST" duration-ms="6349" status="PASS">
          <reporter-output>
          </reporter-output>
        </test-method> <!-- readIndex -->
      </class> <!-- com.code.Pagination -->
    </test> <!-- Default test -->
  </suite> <!-- Default suite -->
</testng-results>
